!SESSION 2017-06-19 16:05:54.912 -----------------------------------------------
eclipse.buildId=unknown
java.version=1.8.0_101
java.vendor=Oracle Corporation
BootLoader constants: OS=win32, ARCH=x86_64, WS=win32, NL=en_IE
Framework arguments:  -Dosgi.bundles=org.apache.felix.gogo.runtime@start, org.apache.felix.gogo.command@start, org.apache.felix.gogo.shell@start, org.eclipse.equinox.console@start
Command-line arguments:  -console -configuration runtime -Dosgi.bundles=org.apache.felix.gogo.runtime@start, org.apache.felix.gogo.command@start, org.apache.felix.gogo.shell@start, org.eclipse.equinox.console@start

!ENTRY org.eclipse.osgi 4 0 2017-06-19 16:05:55.609
!MESSAGE Could not find bundle: org.eclipse.equinox.console
!STACK 0
org.osgi.framework.BundleException: Could not find bundle: org.eclipse.equinox.console
	at org.eclipse.core.runtime.internal.adaptor.ConsoleManager.checkForConsoleBundle(ConsoleManager.java:58)
	at org.eclipse.core.runtime.adaptor.EclipseStarter.startup(EclipseStarter.java:339)
	at org.eclipse.core.runtime.adaptor.EclipseStarter.run(EclipseStarter.java:239)
	at org.eclipse.core.runtime.adaptor.EclipseStarter.main(EclipseStarter.java:216)

!ENTRY org.eclipse.osgi 4 0 2017-06-19 16:05:55.624
!MESSAGE Application error
!STACK 1
java.lang.IllegalStateException: Unable to acquire application service. Ensure that the org.eclipse.core.runtime bundle is resolved and started (see config.ini).
	at org.eclipse.core.runtime.internal.adaptor.EclipseAppLauncher.start(EclipseAppLauncher.java:78)
	at org.eclipse.core.runtime.adaptor.EclipseStarter.run(EclipseStarter.java:388)
	at org.eclipse.core.runtime.adaptor.EclipseStarter.run(EclipseStarter.java:243)
	at org.eclipse.core.runtime.adaptor.EclipseStarter.main(EclipseStarter.java:216)
